<?xml version='1.0' encoding='UTF-8'?>
<testsuite hostname="broBRUH" name="SparkJobTest" tests="2" errors="2" failures="0" skipped="0" time="0.02" timestamp="2024-12-19T00:07:02">
          <properties>
[...]
</properties>
          <testcase classname="SparkJobTest" name="(It is not a test it is a sbt.testing.SuiteSelector)" time="0.021">
                      <error message="class org.apache.spark.storage.StorageUtils$ (in unnamed module @0x7f2319a5) cannot access class sun.nio.ch.DirectBuffer (in module java.base) because module java.base does not export sun.nio.ch to unnamed module @0x7f2319a5" type="java.lang.IllegalAccessError">java.lang.IllegalAccessError: class org.apache.spark.storage.StorageUtils$ (in unnamed module @0x7f2319a5) cannot access class sun.nio.ch.DirectBuffer (in module java.base) because module java.base does not export sun.nio.ch to unnamed module @0x7f2319a5
	at org.apache.spark.storage.StorageUtils$.&lt;init&gt;(StorageUtils.scala:213)
	at org.apache.spark.storage.StorageUtils$.&lt;clinit&gt;(StorageUtils.scala)
	at org.apache.spark.storage.BlockManagerMasterEndpoint.&lt;init&gt;(BlockManagerMasterEndpoint.scala:121)
	at org.apache.spark.SparkEnv$.$anonfun$create$9(SparkEnv.scala:353)
	at org.apache.spark.SparkEnv$.registerOrLookupEndpoint$1(SparkEnv.scala:290)
	at org.apache.spark.SparkEnv$.create(SparkEnv.scala:339)
	at org.apache.spark.SparkEnv$.createDriverEnv(SparkEnv.scala:194)
	at org.apache.spark.SparkContext.createSparkEnv(SparkContext.scala:284)
	at org.apache.spark.SparkContext.&lt;init&gt;(SparkContext.scala:478)
	at org.apache.spark.SparkContext$.getOrCreate(SparkContext.scala:2883)
	at org.apache.spark.sql.SparkSession$Builder.$anonfun$getOrCreate$2(SparkSession.scala:1099)
	at scala.Option.getOrElse(Option.scala:189)
	at org.apache.spark.sql.SparkSession$Builder.getOrCreate(SparkSession.scala:1093)
	at SparkJobTest.&lt;init&gt;(testing.scala:11)
	at java.base/jdk.internal.reflect.DirectConstructorHandleAccessor.newInstance(DirectConstructorHandleAccessor.java:62)
	at java.base/java.lang.reflect.Constructor.newInstanceWithCaller(Constructor.java:502)
	at java.base/java.lang.reflect.ReflectAccess.newInstance(ReflectAccess.java:128)
	at java.base/jdk.internal.reflect.ReflectionFactory.newInstance(ReflectionFactory.java:304)
	at java.base/java.lang.Class.newInstance(Class.java:725)
	at org.scalatest.tools.Framework$ScalaTestTask.execute(Framework.scala:454)
	at sbt.TestRunner.runTest$1(TestFramework.scala:153)
	at sbt.TestRunner.run(TestFramework.scala:168)
	at sbt.TestFramework$$anon$3$$anonfun$$lessinit$greater$1.$anonfun$apply$1(TestFramework.scala:336)
	at sbt.TestFramework$.sbt$TestFramework$$withContextLoader(TestFramework.scala:296)
	at sbt.TestFramework$$anon$3$$anonfun$$lessinit$greater$1.apply(TestFramework.scala:336)
	at sbt.TestFramework$$anon$3$$anonfun$$lessinit$greater$1.apply(TestFramework.scala:336)
	at sbt.TestFunction.apply(TestFramework.scala:348)
	at sbt.Tests$.$anonfun$toTask$1(Tests.scala:436)
	at sbt.std.Transform$$anon$3.$anonfun$apply$2(Transform.scala:47)
	at sbt.std.Transform$$anon$4.work(Transform.scala:69)
	at sbt.Execute.$anonfun$submit$2(Execute.scala:283)
	at sbt.internal.util.ErrorHandling$.wideConvert(ErrorHandling.scala:24)
	at sbt.Execute.work(Execute.scala:292)
	at sbt.Execute.$anonfun$submit$1(Execute.scala:283)
	at sbt.ConcurrentRestrictions$$anon$4.$anonfun$submitValid$1(ConcurrentRestrictions.scala:265)
	at sbt.CompletionService$$anon$2.call(CompletionService.scala:65)
	at java.base/java.util.concurrent.FutureTask.run(FutureTask.java:317)
	at java.base/java.util.concurrent.Executors$RunnableAdapter.call(Executors.java:572)
	at java.base/java.util.concurrent.FutureTask.run(FutureTask.java:317)
	at java.base/java.util.concurrent.ThreadPoolExecutor.runWorker(ThreadPoolExecutor.java:1144)
	at java.base/java.util.concurrent.ThreadPoolExecutor$Worker.run(ThreadPoolExecutor.java:642)
	at java.base/java.lang.Thread.run(Thread.java:1583)
</error>
                    </testcase><testcase classname="SparkJobTest" name="" time="-0.001">
                      <error message="class org.apache.spark.storage.StorageUtils$ (in unnamed module @0x7f2319a5) cannot access class sun.nio.ch.DirectBuffer (in module java.base) because module java.base does not export sun.nio.ch to unnamed module @0x7f2319a5" type="java.lang.IllegalAccessError">java.lang.IllegalAccessError: class org.apache.spark.storage.StorageUtils$ (in unnamed module @0x7f2319a5) cannot access class sun.nio.ch.DirectBuffer (in module java.base) because module java.base does not export sun.nio.ch to unnamed module @0x7f2319a5
	at org.apache.spark.storage.StorageUtils$.&lt;init&gt;(StorageUtils.scala:213)
	at org.apache.spark.storage.StorageUtils$.&lt;clinit&gt;(StorageUtils.scala)
	at org.apache.spark.storage.BlockManagerMasterEndpoint.&lt;init&gt;(BlockManagerMasterEndpoint.scala:121)
	at org.apache.spark.SparkEnv$.$anonfun$create$9(SparkEnv.scala:353)
	at org.apache.spark.SparkEnv$.registerOrLookupEndpoint$1(SparkEnv.scala:290)
	at org.apache.spark.SparkEnv$.create(SparkEnv.scala:339)
	at org.apache.spark.SparkEnv$.createDriverEnv(SparkEnv.scala:194)
	at org.apache.spark.SparkContext.createSparkEnv(SparkContext.scala:284)
	at org.apache.spark.SparkContext.&lt;init&gt;(SparkContext.scala:478)
	at org.apache.spark.SparkContext$.getOrCreate(SparkContext.scala:2883)
	at org.apache.spark.sql.SparkSession$Builder.$anonfun$getOrCreate$2(SparkSession.scala:1099)
	at scala.Option.getOrElse(Option.scala:189)
	at org.apache.spark.sql.SparkSession$Builder.getOrCreate(SparkSession.scala:1093)
	at SparkJobTest.&lt;init&gt;(testing.scala:11)
	at java.base/jdk.internal.reflect.DirectConstructorHandleAccessor.newInstance(DirectConstructorHandleAccessor.java:62)
	at java.base/java.lang.reflect.Constructor.newInstanceWithCaller(Constructor.java:502)
	at java.base/java.lang.reflect.ReflectAccess.newInstance(ReflectAccess.java:128)
	at java.base/jdk.internal.reflect.ReflectionFactory.newInstance(ReflectionFactory.java:304)
	at java.base/java.lang.Class.newInstance(Class.java:725)
	at org.scalatest.tools.Framework$ScalaTestTask.execute(Framework.scala:454)
	at sbt.TestRunner.runTest$1(TestFramework.scala:153)
	at sbt.TestRunner.run(TestFramework.scala:168)
	at sbt.TestFramework$$anon$3$$anonfun$$lessinit$greater$1.$anonfun$apply$1(TestFramework.scala:336)
	at sbt.TestFramework$.sbt$TestFramework$$withContextLoader(TestFramework.scala:296)
	at sbt.TestFramework$$anon$3$$anonfun$$lessinit$greater$1.apply(TestFramework.scala:336)
	at sbt.TestFramework$$anon$3$$anonfun$$lessinit$greater$1.apply(TestFramework.scala:336)
	at sbt.TestFunction.apply(TestFramework.scala:348)
	at sbt.Tests$.$anonfun$toTask$1(Tests.scala:436)
	at sbt.std.Transform$$anon$3.$anonfun$apply$2(Transform.scala:47)
	at sbt.std.Transform$$anon$4.work(Transform.scala:69)
	at sbt.Execute.$anonfun$submit$2(Execute.scala:283)
	at sbt.internal.util.ErrorHandling$.wideConvert(ErrorHandling.scala:24)
	at sbt.Execute.work(Execute.scala:292)
	at sbt.Execute.$anonfun$submit$1(Execute.scala:283)
	at sbt.ConcurrentRestrictions$$anon$4.$anonfun$submitValid$1(ConcurrentRestrictions.scala:265)
	at sbt.CompletionService$$anon$2.call(CompletionService.scala:65)
	at java.base/java.util.concurrent.FutureTask.run(FutureTask.java:317)
	at java.base/java.util.concurrent.Executors$RunnableAdapter.call(Executors.java:572)
	at java.base/java.util.concurrent.FutureTask.run(FutureTask.java:317)
	at java.base/java.util.concurrent.ThreadPoolExecutor.runWorker(ThreadPoolExecutor.java:1144)
	at java.base/java.util.concurrent.ThreadPoolExecutor$Worker.run(ThreadPoolExecutor.java:642)
	at java.base/java.lang.Thread.run(Thread.java:1583)
</error>
                    </testcase>
          <system-out><![CDATA[]]></system-out>
          <system-err><![CDATA[]]></system-err>
        </testsuite>